# JRE version: Java(TM) SE Runtime Environment (8.0_191-b12) (build 1.8.0_191-b12)
# Java VM: Java HotSpot(TM) Client VM (25.191-b12 mixed mode windows-x86 )
Heap:
 def new generation   total 67840K, used 34526K [0x04e00000, 0x09790000, 0x0f8a0000)
  eden space 60352K,  57% used [0x04e00000, 0x06fa9600, 0x088f0000)
  from space 7488K,   0% used [0x088f0000, 0x088fe2e0, 0x09040000)
  to   space 7488K,   0% used [0x09040000, 0x09040000, 0x09790000)
 tenured generation   total 150580K, used 101418K [0x0f8a0000, 0x18bad000, 0x24e00000)
   the space 150580K,  67% used [0x0f8a0000, 0x15baab60, 0x15baac00, 0x18bad000)
 Metaspace       used 21659K, capacity 22187K, committed 22272K, reserved 22912K
GC Heap History (10 events):
Event: 213145.669 GC heap before
{Heap before GC invocations=502 (full 5):
 def new generation   total 67840K, used 60432K [0x04e00000, 0x09790000, 0x0f8a0000)
  eden space 60352K, 100% used [0x04e00000, 0x088f0000, 0x088f0000)
  from space 7488K,   1% used [0x09040000, 0x090543d0, 0x09790000)
  to   space 7488K,   0% used [0x088f0000, 0x088f0000, 0x09040000)
 tenured generation   total 150580K, used 101418K [0x0f8a0000, 0x18bad000, 0x24e00000)
   the space 150580K,  67% used [0x0f8a0000, 0x15baaaa0, 0x15baac00, 0x18bad000)
 Metaspace       used 21659K, capacity 22187K, committed 22272K, reserved 22912K
Event: 213145.672 GC heap after
Heap after GC invocations=503 (full 5):
 def new generation   total 67840K, used 90K [0x04e00000, 0x09790000, 0x0f8a0000)
  eden space 60352K,   0% used [0x04e00000, 0x04e00000, 0x088f0000)
  from space 7488K,   1% used [0x088f0000, 0x08906810, 0x09040000)
  to   space 7488K,   0% used [0x09040000, 0x09040000, 0x09790000)
 tenured generation   total 150580K, used 101418K [0x0f8a0000, 0x18bad000, 0x24e00000)
   the space 150580K,  67% used [0x0f8a0000, 0x15baaaa0, 0x15baac00, 0x18bad000)
 Metaspace       used 21659K, capacity 22187K, committed 22272K, reserved 22912K
}
Event: 214217.592 GC heap before
{Heap before GC invocations=503 (full 5):
 def new generation   total 67840K, used 60442K [0x04e00000, 0x09790000, 0x0f8a0000)
  eden space 60352K, 100% used [0x04e00000, 0x088f0000, 0x088f0000)
  from space 7488K,   1% used [0x088f0000, 0x08906810, 0x09040000)
  to   space 7488K,   0% used [0x09040000, 0x09040000, 0x09790000)
 tenured generation   total 150580K, used 101418K [0x0f8a0000, 0x18bad000, 0x24e00000)
   the space 150580K,  67% used [0x0f8a0000, 0x15baaaa0, 0x15baac00, 0x18bad000)
 Metaspace       used 21659K, capacity 22187K, committed 22272K, reserved 22912K
Event: 214217.595 GC heap after
Heap after GC invocations=504 (full 5):
 def new generation   total 67840K, used 78K [0x04e00000, 0x09790000, 0x0f8a0000)
  eden space 60352K,   0% used [0x04e00000, 0x04e00000, 0x088f0000)
  from space 7488K,   1% used [0x09040000, 0x09053940, 0x09790000)
  to   space 7488K,   0% used [0x088f0000, 0x088f0000, 0x09040000)
 tenured generation   total 150580K, used 101418K [0x0f8a0000, 0x18bad000, 0x24e00000)
   the space 150580K,  67% used [0x0f8a0000, 0x15baaaa0, 0x15baac00, 0x18bad000)
 Metaspace       used 21659K, capacity 22187K, committed 22272K, reserved 22912K
}
Event: 215342.354 GC heap before
{Heap before GC invocations=504 (full 5):
 def new generation   total 67840K, used 60430K [0x04e00000, 0x09790000, 0x0f8a0000)
  eden space 60352K, 100% used [0x04e00000, 0x088f0000, 0x088f0000)
  from space 7488K,   1% used [0x09040000, 0x09053940, 0x09790000)
  to   space 7488K,   0% used [0x088f0000, 0x088f0000, 0x09040000)
 tenured generation   total 150580K, used 101418K [0x0f8a0000, 0x18bad000, 0x24e00000)
   the space 150580K,  67% used [0x0f8a0000, 0x15baaaa0, 0x15baac00, 0x18bad000)
 Metaspace       used 21659K, capacity 22187K, committed 22272K, reserved 22912K
Event: 215342.356 GC heap after
Heap after GC invocations=505 (full 5):
 def new generation   total 67840K, used 33K [0x04e00000, 0x09790000, 0x0f8a0000)
  eden space 60352K,   0% used [0x04e00000, 0x04e00000, 0x088f0000)
  from space 7488K,   0% used [0x088f0000, 0x088f8638, 0x09040000)
  to   space 7488K,   0% used [0x09040000, 0x09040000, 0x09790000)
 tenured generation   total 150580K, used 101418K [0x0f8a0000, 0x18bad000, 0x24e00000)
   the space 150580K,  67% used [0x0f8a0000, 0x15baaaa0, 0x15baac00, 0x18bad000)
 Metaspace       used 21659K, capacity 22187K, committed 22272K, reserved 22912K
}
Event: 216439.778 GC heap before
{Heap before GC invocations=505 (full 5):
 def new generation   total 67840K, used 60385K [0x04e00000, 0x09790000, 0x0f8a0000)
  eden space 60352K, 100% used [0x04e00000, 0x088f0000, 0x088f0000)
  from space 7488K,   0% used [0x088f0000, 0x088f8638, 0x09040000)
  to   space 7488K,   0% used [0x09040000, 0x09040000, 0x09790000)
 tenured generation   total 150580K, used 101418K [0x0f8a0000, 0x18bad000, 0x24e00000)
   the space 150580K,  67% used [0x0f8a0000, 0x15baaaa0, 0x15baac00, 0x18bad000)
 Metaspace       used 21659K, capacity 22187K, committed 22272K, reserved 22912K
Event: 216439.781 GC heap after
Heap after GC invocations=506 (full 5):
 def new generation   total 67840K, used 34K [0x04e00000, 0x09790000, 0x0f8a0000)
  eden space 60352K,   0% used [0x04e00000, 0x04e00000, 0x088f0000)
  from space 7488K,   0% used [0x09040000, 0x09048820, 0x09790000)
  to   space 7488K,   0% used [0x088f0000, 0x088f0000, 0x09040000)
 tenured generation   total 150580K, used 101418K [0x0f8a0000, 0x18bad000, 0x24e00000)
   the space 150580K,  67% used [0x0f8a0000, 0x15baaaa0, 0x15baac00, 0x18bad000)
 Metaspace       used 21659K, capacity 22187K, committed 22272K, reserved 22912K
}
Event: 217472.746 GC heap before
{Heap before GC invocations=506 (full 5):
 def new generation   total 67840K, used 60386K [0x04e00000, 0x09790000, 0x0f8a0000)
  eden space 60352K, 100% used [0x04e00000, 0x088f0000, 0x088f0000)
  from space 7488K,   0% used [0x09040000, 0x09048820, 0x09790000)
  to   space 7488K,   0% used [0x088f0000, 0x088f0000, 0x09040000)
 tenured generation   total 150580K, used 101418K [0x0f8a0000, 0x18bad000, 0x24e00000)
   the space 150580K,  67% used [0x0f8a0000, 0x15baaaa0, 0x15baac00, 0x18bad000)
 Metaspace       used 21659K, capacity 22187K, committed 22272K, reserved 22912K
Event: 217472.749 GC heap after
Heap after GC invocations=507 (full 5):
 def new generation   total 67840K, used 56K [0x04e00000, 0x09790000, 0x0f8a0000)
  eden space 60352K,   0% used [0x04e00000, 0x04e00000, 0x088f0000)
  from space 7488K,   0% used [0x088f0000, 0x088fe2e0, 0x09040000)
  to   space 7488K,   0% used [0x09040000, 0x09040000, 0x09790000)
 tenured generation   total 150580K, used 101418K [0x0f8a0000, 0x18bad000, 0x24e00000)
   the space 150580K,  67% used [0x0f8a0000, 0x15baab60, 0x15baac00, 0x18bad000)
 Metaspace       used 21659K, capacity 22187K, committed 22272K, reserved 22912K
}

